<?xml version="1.0" encoding="UTF-8" ?>
<testsuite tests="11" failures="0" name="com.stir.cscu9t4practical1.CycleEntryTest" time="0.054" errors="0" skipped="0">
  <properties>
    <property name="java.runtime.name" value="Java(TM) SE Runtime Environment"/>
    <property name="java.vm.version" value="20+36-2344"/>
    <property name="sun.boot.library.path" value="C:\Program Files\Java\jdk-20\bin"/>
    <property name="maven.multiModuleProjectDirectory" value="C:\Users\Dhanish03\Documents\NetBeansProjects\CSCU9T4Practical1-master"/>
    <property name="java.vm.vendor" value="Oracle Corporation"/>
    <property name="java.vendor.url" value="https://java.oracle.com/"/>
    <property name="guice.disable.misplaced.annotation.check" value="true"/>
    <property name="path.separator" value=";"/>
    <property name="java.vm.name" value="Java HotSpot(TM) 64-Bit Server VM"/>
    <property name="sun.os.patch.level" value=""/>
    <property name="user.script" value=""/>
    <property name="user.country" value="AE"/>
    <property name="sun.java.launcher" value="SUN_STANDARD"/>
    <property name="test" value="com.stir.cscu9t4practical1.CycleEntryTest"/>
    <property name="java.vm.specification.name" value="Java Virtual Machine Specification"/>
    <property name="user.dir" value="C:\Users\Dhanish03\Documents\NetBeansProjects\CSCU9T4Practical1-master"/>
    <property name="java.vm.compressedOopsMode" value="Zero based"/>
    <property name="java.runtime.version" value="20+36-2344"/>
    <property name="os.arch" value="amd64"/>
    <property name="java.io.tmpdir" value="C:\Users\DHANIS~1\AppData\Local\Temp\"/>
    <property name="line.separator" value="
"/>
    <property name="java.vm.specification.vendor" value="Oracle Corporation"/>
    <property name="user.variant" value=""/>
    <property name="stderr.encoding" value="Cp1252"/>
    <property name="os.name" value="Windows 11"/>
    <property name="maven.ext.class.path" value="C:\Program Files\NetBeans-17\netbeans\java\maven-nblib\netbeans-eventspy.jar"/>
    <property name="classworlds.conf" value="C:\Program Files\NetBeans-17\netbeans\java\maven\bin\m2.conf"/>
    <property name="sun.jnu.encoding" value="Cp1252"/>
    <property name="stdout.encoding" value="Cp1252"/>
    <property name="java.library.path" value="C:\Program Files\Java\jdk-20\bin;C:\WINDOWS\Sun\Java\bin;C:\WINDOWS\system32;C:\WINDOWS;C:\Program Files\Common Files\Oracle\Java\javapath;C:\Windows\system32;C:\Windows;C:\Windows\System32\Wbem;C:\Windows\System32\WindowsPowerShell\v1.0\;C:\Windows\System32\OpenSSH\;C:\Program Files (x86)\NVIDIA Corporation\PhysX\Common;C:\Program Files\NVIDIA Corporation\NVIDIA NvDLISR;C:\WINDOWS\system32;C:\WINDOWS;C:\WINDOWS\System32\Wbem;C:\WINDOWS\System32\WindowsPowerShell\v1.0\;C:\WINDOWS\System32\OpenSSH\;C:\Users\Dhanish03\AppData\Local\Microsoft\WindowsApps;;."/>
    <property name="maven.conf" value="C:\Program Files\NetBeans-17\netbeans\java\maven/conf"/>
    <property name="jdk.debug" value="release"/>
    <property name="java.class.version" value="64.0"/>
    <property name="java.specification.name" value="Java Platform API Specification"/>
    <property name="sun.management.compiler" value="HotSpot 64-Bit Tiered Compilers"/>
    <property name="os.version" value="10.0"/>
    <property name="library.jansi.path" value="C:\Program Files\NetBeans-17\netbeans\java\maven\lib\jansi-native"/>
    <property name="user.home" value="C:\Users\Dhanish03"/>
    <property name="user.timezone" value="Asia/Dubai"/>
    <property name="file.encoding" value="UTF-8"/>
    <property name="java.specification.version" value="20"/>
    <property name="user.name" value="Dhanish03"/>
    <property name="java.class.path" value="C:\Program Files\NetBeans-17\netbeans\java\maven\boot\plexus-classworlds-2.6.0.jar"/>
    <property name="java.vm.specification.version" value="20"/>
    <property name="sun.arch.data.model" value="64"/>
    <property name="sun.java.command" value="org.codehaus.plexus.classworlds.launcher.Launcher -Dtest=com.stir.cscu9t4practical1.CycleEntryTest -Dmaven.ext.class.path=C:\Program Files\NetBeans-17\netbeans\java\maven-nblib\netbeans-eventspy.jar --no-transfer-progress process-test-classes surefire:test"/>
    <property name="java.home" value="C:\Program Files\Java\jdk-20"/>
    <property name="user.language" value="en"/>
    <property name="java.specification.vendor" value="Oracle Corporation"/>
    <property name="java.vm.info" value="mixed mode, sharing"/>
    <property name="java.version" value="20"/>
    <property name="native.encoding" value="Cp1252"/>
    <property name="java.vendor" value="Oracle Corporation"/>
    <property name="maven.home" value="C:\Program Files\NetBeans-17\netbeans\java\maven"/>
    <property name="file.separator" value="\"/>
    <property name="java.version.date" value="2023-03-21"/>
    <property name="java.vendor.url.bug" value="https://bugreport.java.com/bugreport/"/>
    <property name="sun.io.unicode.encoding" value="UnicodeLittle"/>
    <property name="sun.cpu.endian" value="little"/>
    <property name="sun.cpu.isalist" value="amd64"/>
  </properties>
  <testcase classname="com.stir.cscu9t4practical1.CycleEntryTest" name="com.stir.cscu9t4practical1.CycleEntryTest.testGetDay" time="0.039"/>
  <testcase classname="com.stir.cscu9t4practical1.CycleEntryTest" name="com.stir.cscu9t4practical1.CycleEntryTest.testGetMonth" time="0"/>
  <testcase classname="com.stir.cscu9t4practical1.CycleEntryTest" name="com.stir.cscu9t4practical1.CycleEntryTest.testGetYear" time="0"/>
  <testcase classname="com.stir.cscu9t4practical1.CycleEntryTest" name="com.stir.cscu9t4practical1.CycleEntryTest.testGetHour" time="0"/>
  <testcase classname="com.stir.cscu9t4practical1.CycleEntryTest" name="com.stir.cscu9t4practical1.CycleEntryTest.testGetMin" time="0"/>
  <testcase classname="com.stir.cscu9t4practical1.CycleEntryTest" name="com.stir.cscu9t4practical1.CycleEntryTest.testGetName" time="0"/>
  <testcase classname="com.stir.cscu9t4practical1.CycleEntryTest" name="com.stir.cscu9t4practical1.CycleEntryTest.testGetTerrain" time="0"/>
  <testcase classname="com.stir.cscu9t4practical1.CycleEntryTest" name="com.stir.cscu9t4practical1.CycleEntryTest.testGetDistance" time="0"/>
  <testcase classname="com.stir.cscu9t4practical1.CycleEntryTest" name="com.stir.cscu9t4practical1.CycleEntryTest.testGetTempo" time="0"/>
  <testcase classname="com.stir.cscu9t4practical1.CycleEntryTest" name="com.stir.cscu9t4practical1.CycleEntryTest.testGetSec" time="0"/>
  <testcase classname="com.stir.cscu9t4practical1.CycleEntryTest" name="com.stir.cscu9t4practical1.CycleEntryTest.testGetEntry" time="0.015"/>
</testsuite>